<?xml version="1.0" encoding="UTF-8"?>
<testsuite xmlns:xsi="http://www.w3.org/2001/XMLSchema-instance" xsi:noNamespaceSchemaLocation="https://maven.apache.org/surefire/maven-surefire-plugin/xsd/surefire-test-report.xsd" name="com.epam.igor.MovieServiceTest" time="0.001" tests="4" errors="0" skipped="0" failures="0">
  <properties>
    <property name="sun.desktop" value="windows"/>
    <property name="awt.toolkit" value="sun.awt.windows.WToolkit"/>
    <property name="file.encoding.pkg" value="sun.io"/>
    <property name="java.specification.version" value="1.8"/>
    <property name="sun.cpu.isalist" value="amd64"/>
    <property name="sun.jnu.encoding" value="Cp1252"/>
    <property name="java.class.path" value="D:\Idea_Workspace\cinema\service\target\test-classes;D:\Idea_Workspace\cinema\service\target\classes;D:\Idea_Workspace\cinema\dao\target\dao-1.0-SNAPSHOT.jar;D:\Idea_Workspace\cinema\domain\target\domain-1.0-SNAPSHOT.jar;C:\Users\Igor_Lapin\.m2\repository\org\hibernate\hibernate-core\5.2.4.Final\hibernate-core-5.2.4.Final.jar;C:\Users\Igor_Lapin\.m2\repository\org\jboss\logging\jboss-logging\3.3.0.Final\jboss-logging-3.3.0.Final.jar;C:\Users\Igor_Lapin\.m2\repository\org\hibernate\javax\persistence\hibernate-jpa-2.1-api\1.0.0.Final\hibernate-jpa-2.1-api-1.0.0.Final.jar;C:\Users\Igor_Lapin\.m2\repository\org\javassist\javassist\3.20.0-GA\javassist-3.20.0-GA.jar;C:\Users\Igor_Lapin\.m2\repository\antlr\antlr\2.7.7\antlr-2.7.7.jar;C:\Users\Igor_Lapin\.m2\repository\org\apache\geronimo\specs\geronimo-jta_1.1_spec\1.1.1\geronimo-jta_1.1_spec-1.1.1.jar;C:\Users\Igor_Lapin\.m2\repository\org\jboss\jandex\2.0.0.Final\jandex-2.0.0.Final.jar;C:\Users\Igor_Lapin\.m2\repository\com\fasterxml\classmate\1.3.0\classmate-1.3.0.jar;C:\Users\Igor_Lapin\.m2\repository\org\hibernate\common\hibernate-commons-annotations\5.0.1.Final\hibernate-commons-annotations-5.0.1.Final.jar;C:\Users\Igor_Lapin\.m2\repository\javax\enterprise\cdi-api\1.1\cdi-api-1.1.jar;C:\Users\Igor_Lapin\.m2\repository\javax\el\el-api\2.2\el-api-2.2.jar;C:\Users\Igor_Lapin\.m2\repository\org\jboss\spec\javax\interceptor\jboss-interceptors-api_1.1_spec\1.0.0.Beta1\jboss-interceptors-api_1.1_spec-1.0.0.Beta1.jar;C:\Users\Igor_Lapin\.m2\repository\javax\annotation\jsr250-api\1.0\jsr250-api-1.0.jar;C:\Users\Igor_Lapin\.m2\repository\javax\inject\javax.inject\1\javax.inject-1.jar;C:\Users\Igor_Lapin\.m2\repository\javax\javaee-api\7.0\javaee-api-7.0.jar;C:\Users\Igor_Lapin\.m2\repository\com\sun\mail\javax.mail\1.5.0\javax.mail-1.5.0.jar;C:\Users\Igor_Lapin\.m2\repository\javax\activation\activation\1.1\activation-1.1.jar;C:\Users\Igor_Lapin\.m2\repository\org\springframework\security\spring-security-web\4.2.1.RELEASE\spring-security-web-4.2.1.RELEASE.jar;C:\Users\Igor_Lapin\.m2\repository\aopalliance\aopalliance\1.0\aopalliance-1.0.jar;C:\Users\Igor_Lapin\.m2\repository\org\springframework\spring-beans\4.3.5.RELEASE\spring-beans-4.3.5.RELEASE.jar;C:\Users\Igor_Lapin\.m2\repository\org\springframework\spring-context\4.3.5.RELEASE\spring-context-4.3.5.RELEASE.jar;C:\Users\Igor_Lapin\.m2\repository\org\springframework\spring-core\4.3.5.RELEASE\spring-core-4.3.5.RELEASE.jar;C:\Users\Igor_Lapin\.m2\repository\org\springframework\spring-expression\4.3.5.RELEASE\spring-expression-4.3.5.RELEASE.jar;C:\Users\Igor_Lapin\.m2\repository\org\springframework\spring-web\4.3.5.RELEASE\spring-web-4.3.5.RELEASE.jar;C:\Users\Igor_Lapin\.m2\repository\org\springframework\security\spring-security-core\4.2.1.RELEASE\spring-security-core-4.2.1.RELEASE.jar;C:\Users\Igor_Lapin\.m2\repository\org\springframework\spring-aop\4.3.5.RELEASE\spring-aop-4.3.5.RELEASE.jar;C:\Users\Igor_Lapin\.m2\repository\org\springframework\security\spring-security-taglibs\4.2.1.RELEASE\spring-security-taglibs-4.2.1.RELEASE.jar;C:\Users\Igor_Lapin\.m2\repository\org\springframework\security\spring-security-acl\4.2.1.RELEASE\spring-security-acl-4.2.1.RELEASE.jar;C:\Users\Igor_Lapin\.m2\repository\org\springframework\spring-jdbc\4.3.5.RELEASE\spring-jdbc-4.3.5.RELEASE.jar;C:\Users\Igor_Lapin\.m2\repository\org\springframework\spring-tx\4.3.5.RELEASE\spring-tx-4.3.5.RELEASE.jar;C:\Users\Igor_Lapin\.m2\repository\org\springframework\security\spring-security-config\4.2.1.RELEASE\spring-security-config-4.2.1.RELEASE.jar;C:\Users\Igor_Lapin\.m2\repository\junit\junit\4.12\junit-4.12.jar;C:\Users\Igor_Lapin\.m2\repository\org\hamcrest\hamcrest-core\1.3\hamcrest-core-1.3.jar;C:\Users\Igor_Lapin\.m2\repository\org\mockito\mockito-all\2.0.2-beta\mockito-all-2.0.2-beta.jar;C:\Users\Igor_Lapin\.m2\repository\org\hamcrest\hamcrest-all\1.3\hamcrest-all-1.3.jar;C:\Users\Igor_Lapin\.m2\repository\org\slf4j\slf4j-api\1.7.13\slf4j-api-1.7.13.jar;C:\Users\Igor_Lapin\.m2\repository\ch\qos\logback\logback-classic\1.1.3\logback-classic-1.1.3.jar;C:\Users\Igor_Lapin\.m2\repository\ch\qos\logback\logback-core\1.1.3\logback-core-1.1.3.jar;"/>
    <property name="java.vm.vendor" value="Oracle Corporation"/>
    <property name="sun.arch.data.model" value="64"/>
    <property name="user.variant" value=""/>
    <property name="java.vendor.url" value="http://java.oracle.com/"/>
    <property name="user.timezone" value=""/>
    <property name="java.vm.specification.version" value="1.8"/>
    <property name="os.name" value="Windows 10"/>
    <property name="user.country" value="US"/>
    <property name="sun.java.launcher" value="SUN_STANDARD"/>
    <property name="sun.boot.library.path" value="C:\Program Files\Java\jdk1.8.0_151\jre\bin"/>
    <property name="sun.java.command" value="C:\Users\IGOR_L~1\AppData\Local\Temp\surefire6785083647901563317\surefirebooter6721191588282017428.jar C:\Users\Igor_Lapin\AppData\Local\Temp\surefire6785083647901563317 2018-08-07T15-10-25_605-jvmRun1 surefire4652015713251242741tmp surefire_02965682939713764451tmp"/>
    <property name="surefire.test.class.path" value="D:\Idea_Workspace\cinema\service\target\test-classes;D:\Idea_Workspace\cinema\service\target\classes;D:\Idea_Workspace\cinema\dao\target\dao-1.0-SNAPSHOT.jar;D:\Idea_Workspace\cinema\domain\target\domain-1.0-SNAPSHOT.jar;C:\Users\Igor_Lapin\.m2\repository\org\hibernate\hibernate-core\5.2.4.Final\hibernate-core-5.2.4.Final.jar;C:\Users\Igor_Lapin\.m2\repository\org\jboss\logging\jboss-logging\3.3.0.Final\jboss-logging-3.3.0.Final.jar;C:\Users\Igor_Lapin\.m2\repository\org\hibernate\javax\persistence\hibernate-jpa-2.1-api\1.0.0.Final\hibernate-jpa-2.1-api-1.0.0.Final.jar;C:\Users\Igor_Lapin\.m2\repository\org\javassist\javassist\3.20.0-GA\javassist-3.20.0-GA.jar;C:\Users\Igor_Lapin\.m2\repository\antlr\antlr\2.7.7\antlr-2.7.7.jar;C:\Users\Igor_Lapin\.m2\repository\org\apache\geronimo\specs\geronimo-jta_1.1_spec\1.1.1\geronimo-jta_1.1_spec-1.1.1.jar;C:\Users\Igor_Lapin\.m2\repository\org\jboss\jandex\2.0.0.Final\jandex-2.0.0.Final.jar;C:\Users\Igor_Lapin\.m2\repository\com\fasterxml\classmate\1.3.0\classmate-1.3.0.jar;C:\Users\Igor_Lapin\.m2\repository\org\hibernate\common\hibernate-commons-annotations\5.0.1.Final\hibernate-commons-annotations-5.0.1.Final.jar;C:\Users\Igor_Lapin\.m2\repository\javax\enterprise\cdi-api\1.1\cdi-api-1.1.jar;C:\Users\Igor_Lapin\.m2\repository\javax\el\el-api\2.2\el-api-2.2.jar;C:\Users\Igor_Lapin\.m2\repository\org\jboss\spec\javax\interceptor\jboss-interceptors-api_1.1_spec\1.0.0.Beta1\jboss-interceptors-api_1.1_spec-1.0.0.Beta1.jar;C:\Users\Igor_Lapin\.m2\repository\javax\annotation\jsr250-api\1.0\jsr250-api-1.0.jar;C:\Users\Igor_Lapin\.m2\repository\javax\inject\javax.inject\1\javax.inject-1.jar;C:\Users\Igor_Lapin\.m2\repository\javax\javaee-api\7.0\javaee-api-7.0.jar;C:\Users\Igor_Lapin\.m2\repository\com\sun\mail\javax.mail\1.5.0\javax.mail-1.5.0.jar;C:\Users\Igor_Lapin\.m2\repository\javax\activation\activation\1.1\activation-1.1.jar;C:\Users\Igor_Lapin\.m2\repository\org\springframework\security\spring-security-web\4.2.1.RELEASE\spring-security-web-4.2.1.RELEASE.jar;C:\Users\Igor_Lapin\.m2\repository\aopalliance\aopalliance\1.0\aopalliance-1.0.jar;C:\Users\Igor_Lapin\.m2\repository\org\springframework\spring-beans\4.3.5.RELEASE\spring-beans-4.3.5.RELEASE.jar;C:\Users\Igor_Lapin\.m2\repository\org\springframework\spring-context\4.3.5.RELEASE\spring-context-4.3.5.RELEASE.jar;C:\Users\Igor_Lapin\.m2\repository\org\springframework\spring-core\4.3.5.RELEASE\spring-core-4.3.5.RELEASE.jar;C:\Users\Igor_Lapin\.m2\repository\org\springframework\spring-expression\4.3.5.RELEASE\spring-expression-4.3.5.RELEASE.jar;C:\Users\Igor_Lapin\.m2\repository\org\springframework\spring-web\4.3.5.RELEASE\spring-web-4.3.5.RELEASE.jar;C:\Users\Igor_Lapin\.m2\repository\org\springframework\security\spring-security-core\4.2.1.RELEASE\spring-security-core-4.2.1.RELEASE.jar;C:\Users\Igor_Lapin\.m2\repository\org\springframework\spring-aop\4.3.5.RELEASE\spring-aop-4.3.5.RELEASE.jar;C:\Users\Igor_Lapin\.m2\repository\org\springframework\security\spring-security-taglibs\4.2.1.RELEASE\spring-security-taglibs-4.2.1.RELEASE.jar;C:\Users\Igor_Lapin\.m2\repository\org\springframework\security\spring-security-acl\4.2.1.RELEASE\spring-security-acl-4.2.1.RELEASE.jar;C:\Users\Igor_Lapin\.m2\repository\org\springframework\spring-jdbc\4.3.5.RELEASE\spring-jdbc-4.3.5.RELEASE.jar;C:\Users\Igor_Lapin\.m2\repository\org\springframework\spring-tx\4.3.5.RELEASE\spring-tx-4.3.5.RELEASE.jar;C:\Users\Igor_Lapin\.m2\repository\org\springframework\security\spring-security-config\4.2.1.RELEASE\spring-security-config-4.2.1.RELEASE.jar;C:\Users\Igor_Lapin\.m2\repository\junit\junit\4.12\junit-4.12.jar;C:\Users\Igor_Lapin\.m2\repository\org\hamcrest\hamcrest-core\1.3\hamcrest-core-1.3.jar;C:\Users\Igor_Lapin\.m2\repository\org\mockito\mockito-all\2.0.2-beta\mockito-all-2.0.2-beta.jar;C:\Users\Igor_Lapin\.m2\repository\org\hamcrest\hamcrest-all\1.3\hamcrest-all-1.3.jar;C:\Users\Igor_Lapin\.m2\repository\org\slf4j\slf4j-api\1.7.13\slf4j-api-1.7.13.jar;C:\Users\Igor_Lapin\.m2\repository\ch\qos\logback\logback-classic\1.1.3\logback-classic-1.1.3.jar;C:\Users\Igor_Lapin\.m2\repository\ch\qos\logback\logback-core\1.1.3\logback-core-1.1.3.jar;"/>
    <property name="sun.cpu.endian" value="little"/>
    <property name="user.home" value="C:\Users\Igor_Lapin"/>
    <property name="user.language" value="en"/>
    <property name="java.specification.vendor" value="Oracle Corporation"/>
    <property name="java.home" value="C:\Program Files\Java\jdk1.8.0_151\jre"/>
    <property name="basedir" value="D:\Idea_Workspace\cinema\service"/>
    <property name="file.separator" value="\"/>
    <property name="line.separator" value="&#10;"/>
    <property name="java.vm.specification.vendor" value="Oracle Corporation"/>
    <property name="java.specification.name" value="Java Platform API Specification"/>
    <property name="java.awt.graphicsenv" value="sun.awt.Win32GraphicsEnvironment"/>
    <property name="surefire.real.class.path" value="C:\Users\IGOR_L~1\AppData\Local\Temp\surefire6785083647901563317\surefirebooter6721191588282017428.jar"/>
    <property name="sun.boot.class.path" value="C:\Program Files\Java\jdk1.8.0_151\jre\lib\resources.jar;C:\Program Files\Java\jdk1.8.0_151\jre\lib\rt.jar;C:\Program Files\Java\jdk1.8.0_151\jre\lib\sunrsasign.jar;C:\Program Files\Java\jdk1.8.0_151\jre\lib\jsse.jar;C:\Program Files\Java\jdk1.8.0_151\jre\lib\jce.jar;C:\Program Files\Java\jdk1.8.0_151\jre\lib\charsets.jar;C:\Program Files\Java\jdk1.8.0_151\jre\lib\jfr.jar;C:\Program Files\Java\jdk1.8.0_151\jre\classes"/>
    <property name="user.script" value=""/>
    <property name="sun.management.compiler" value="HotSpot 64-Bit Tiered Compilers"/>
    <property name="java.runtime.version" value="1.8.0_151-b12"/>
    <property name="user.name" value="Igor_Lapin"/>
    <property name="path.separator" value=";"/>
    <property name="os.version" value="10.0"/>
    <property name="java.endorsed.dirs" value="C:\Program Files\Java\jdk1.8.0_151\jre\lib\endorsed"/>
    <property name="java.runtime.name" value="Java(TM) SE Runtime Environment"/>
    <property name="file.encoding" value="Cp1252"/>
    <property name="java.vm.name" value="Java HotSpot(TM) 64-Bit Server VM"/>
    <property name="localRepository" value="C:\Users\Igor_Lapin\.m2\repository"/>
    <property name="java.vendor.url.bug" value="http://bugreport.sun.com/bugreport/"/>
    <property name="java.io.tmpdir" value="C:\Users\IGOR_L~1\AppData\Local\Temp\"/>
    <property name="idea.version" value="2018.1.4"/>
    <property name="java.version" value="1.8.0_151"/>
    <property name="user.dir" value="D:\Idea_Workspace\cinema\service"/>
    <property name="os.arch" value="amd64"/>
    <property name="java.vm.specification.name" value="Java Virtual Machine Specification"/>
    <property name="java.awt.printerjob" value="sun.awt.windows.WPrinterJob"/>
    <property name="sun.os.patch.level" value=""/>
    <property name="java.library.path" value="C:\Program Files\Java\jdk1.8.0_151\jre\bin;C:\WINDOWS\Sun\Java\bin;C:\WINDOWS\system32;C:\WINDOWS;D:\app\Igor_Lapin\product\12.2.0\dbhome_1\bin;C:\Program Files (x86)\Common Files\Oracle\Java\javapath;C:\ProgramData\Oracle\Java\javapath;C:\WINDOWS\system32;C:\WINDOWS;C:\WINDOWS\System32\Wbem;C:\WINDOWS\System32\WindowsPowerShell\v1.0\;C:\Program Files\TortoiseSVN\bin;C:\Program Files\MySQL\MySQL Utilities 1.6\;C:\Program Files\MySQL\MySQL Server 5.7\bin;C:\Program Files\PuTTY\;C:\Program Files (x86)\Bitvise SSH Client;C:\Program Files\apache-maven-3.5.2\bin;C:\Users\Igor_Lapin\Desktop\Flashbuilder4\flex_sdk_4.1.0.16076\bin;C:\Program Files\Java\jdk1.8.0_151\bin;C:\Program Files\nodejs\;C:\Ruby25-x64\bin;C:\Users\Igor_Lapin\AppData\Local\Programs\Python\Python36\Scripts\;C:\Users\Igor_Lapin\AppData\Local\Programs\Python\Python36\;C:\Users\Igor_Lapin\AppData\Local\Microsoft\WindowsApps;C:\Users\Igor_Lapin\AppData\Roaming\npm;."/>
    <property name="java.vm.info" value="mixed mode"/>
    <property name="java.vendor" value="Oracle Corporation"/>
    <property name="java.vm.version" value="25.151-b12"/>
    <property name="java.ext.dirs" value="C:\Program Files\Java\jdk1.8.0_151\jre\lib\ext;C:\WINDOWS\Sun\Java\lib\ext"/>
    <property name="sun.io.unicode.encoding" value="UnicodeLittle"/>
    <property name="java.class.version" value="52.0"/>
  </properties>
  <testcase name="editMovieTest" classname="com.epam.igor.MovieServiceTest" time="0"/>
  <testcase name="getByIdTest" classname="com.epam.igor.MovieServiceTest" time="0"/>
  <testcase name="createMovieTest" classname="com.epam.igor.MovieServiceTest" time="0"/>
  <testcase name="getAllTest" classname="com.epam.igor.MovieServiceTest" time="0"/>
</testsuite>